2021-10-09 14:53:48,929 : INFO : test_formSubmission : Entering Data in the form
2021-10-09 14:53:49,272 : INFO : test_formSubmission : Clicking the submit button
2021-10-09 14:53:49,570 : INFO : test_formSubmission : Entering Data in the form
2021-10-09 14:53:49,570 : INFO : test_formSubmission : Entering Data in the form
2021-10-09 14:53:49,865 : INFO : test_formSubmission : Clicking the submit button
2021-10-09 14:53:49,865 : INFO : test_formSubmission : Clicking the submit button
2021-10-09 14:53:54,787 : INFO : test_e2e : Getting all the card titles
2021-10-09 14:53:54,831 : INFO : test_e2e : iphone X
2021-10-09 14:53:54,851 : INFO : test_e2e : Samsung Note 8
2021-10-09 14:53:54,871 : INFO : test_e2e : Nokia Edge
2021-10-09 14:53:54,890 : INFO : test_e2e : Blackberry
2021-10-09 14:53:55,296 : INFO : test_e2e : Entering country name
2021-10-09 14:54:00,674 : INFO : test_e2e : A success text received
2021-10-09 15:08:01,011 : INFO : test_formSubmission : Entering Data in the form
2021-10-09 15:08:01,356 : INFO : test_formSubmission : Clicking the submit button
2021-10-09 15:08:01,761 : INFO : test_formSubmission : Entering Data in the form
2021-10-09 15:08:01,761 : INFO : test_formSubmission : Entering Data in the form
2021-10-09 15:08:02,011 : INFO : test_formSubmission : Clicking the submit button
2021-10-09 15:08:02,011 : INFO : test_formSubmission : Clicking the submit button
2021-10-09 15:08:07,009 : INFO : test_e2e : Getting all the card titles
2021-10-09 15:08:07,053 : INFO : test_e2e : iphone X
2021-10-09 15:08:07,073 : INFO : test_e2e : Samsung Note 8
2021-10-09 15:08:07,093 : INFO : test_e2e : Nokia Edge
2021-10-09 15:08:07,113 : INFO : test_e2e : Blackberry
2021-10-09 15:08:07,546 : INFO : test_e2e : Entering country name
2021-10-09 15:08:12,927 : INFO : test_e2e : A success text received
2021-10-09 16:43:46,433 : INFO : test_formSubmission : Entering Data in the form
2021-10-09 16:43:46,796 : INFO : test_formSubmission : Clicking the submit button
2021-10-09 16:43:47,226 : INFO : test_formSubmission : Entering Data in the form
2021-10-09 16:43:47,226 : INFO : test_formSubmission : Entering Data in the form
2021-10-09 16:43:47,480 : INFO : test_formSubmission : Clicking the submit button
2021-10-09 16:43:47,480 : INFO : test_formSubmission : Clicking the submit button
2021-10-09 16:43:52,703 : INFO : test_e2e : Getting all the card titles
2021-10-09 16:43:52,750 : INFO : test_e2e : iphone X
2021-10-09 16:43:52,771 : INFO : test_e2e : Samsung Note 8
2021-10-09 16:43:52,794 : INFO : test_e2e : Nokia Edge
2021-10-09 16:43:52,814 : INFO : test_e2e : Blackberry
2021-10-09 16:43:53,233 : INFO : test_e2e : Entering country name
2021-10-09 16:43:58,647 : INFO : test_e2e : A success text received
2021-10-09 17:04:21,024 : INFO : test_formSubmission : Entering Data in the form
2021-10-09 17:04:21,522 : INFO : test_formSubmission : Clicking the submit button
2021-10-09 17:04:22,052 : INFO : test_formSubmission : Entering Data in the form
2021-10-09 17:04:22,052 : INFO : test_formSubmission : Entering Data in the form
2021-10-09 17:04:22,325 : INFO : test_formSubmission : Clicking the submit button
2021-10-09 17:04:22,325 : INFO : test_formSubmission : Clicking the submit button
2021-10-09 17:04:27,488 : INFO : test_e2e : Getting all the card titles
2021-10-09 17:04:27,591 : INFO : test_e2e : iphone X
2021-10-09 17:04:27,621 : INFO : test_e2e : Samsung Note 8
2021-10-09 17:04:27,807 : INFO : test_e2e : Nokia Edge
2021-10-09 17:04:27,873 : INFO : test_e2e : Blackberry
2021-10-09 17:04:28,305 : INFO : test_e2e : Entering country name
2021-10-09 17:04:33,687 : INFO : test_e2e : A success text received
2021-10-09 17:13:57,343 : INFO : test_formSubmission : Entering Data in the form
2021-10-09 17:13:57,705 : INFO : test_formSubmission : Clicking the submit button
2021-10-09 17:13:58,110 : INFO : test_formSubmission : Entering Data in the form
2021-10-09 17:13:58,110 : INFO : test_formSubmission : Entering Data in the form
2021-10-09 17:13:58,417 : INFO : test_formSubmission : Clicking the submit button
2021-10-09 17:13:58,417 : INFO : test_formSubmission : Clicking the submit button
2021-10-09 17:14:05,533 : INFO : test_e2e : Getting all the card titles
2021-10-09 17:14:05,581 : INFO : test_e2e : iphone X
2021-10-09 17:14:05,602 : INFO : test_e2e : Samsung Note 8
2021-10-09 17:14:05,622 : INFO : test_e2e : Nokia Edge
2021-10-09 17:14:05,641 : INFO : test_e2e : Blackberry
2021-10-09 17:14:06,064 : INFO : test_e2e : Entering country name
2021-10-09 17:14:11,429 : INFO : test_e2e : A success text received
2021-10-09 17:23:37,579 : INFO : test_formSubmission : Entering Data in the form
2021-10-09 17:23:37,947 : INFO : test_formSubmission : Clicking the submit button
2021-10-09 17:23:38,270 : INFO : test_formSubmission : Entering Data in the form
2021-10-09 17:23:38,270 : INFO : test_formSubmission : Entering Data in the form
2021-10-09 17:23:38,584 : INFO : test_formSubmission : Clicking the submit button
2021-10-09 17:23:38,584 : INFO : test_formSubmission : Clicking the submit button
2021-10-09 17:23:43,820 : INFO : test_e2e : Getting all the card titles
2021-10-09 17:23:43,882 : INFO : test_e2e : iphone X
2021-10-09 17:23:43,906 : INFO : test_e2e : Samsung Note 8
2021-10-09 17:23:43,928 : INFO : test_e2e : Nokia Edge
2021-10-09 17:23:43,949 : INFO : test_e2e : Blackberry
2021-10-09 17:23:44,398 : INFO : test_e2e : Entering country name
2021-10-09 17:23:49,827 : INFO : test_e2e : A success text received
2021-10-09 17:24:36,000 : INFO : test_formSubmission : Entering Data in the form
2021-10-09 17:24:36,300 : INFO : test_formSubmission : Entering Data in the form
2021-10-09 17:24:36,300 : INFO : test_formSubmission : Entering Data in the form
2021-10-09 17:35:51,741 : INFO : test_formSubmission : Entering Data in the form
2021-10-09 17:35:52,070 : INFO : test_formSubmission : Clicking the submit button
2021-10-09 17:35:52,382 : INFO : test_formSubmission : Entering Data in the form
2021-10-09 17:35:52,382 : INFO : test_formSubmission : Entering Data in the form
2021-10-09 17:35:52,681 : INFO : test_formSubmission : Clicking the submit button
2021-10-09 17:35:52,681 : INFO : test_formSubmission : Clicking the submit button
2021-10-09 17:35:57,430 : INFO : test_e2e : Getting all the card titles
2021-10-09 17:35:57,476 : INFO : test_e2e : iphone X
2021-10-09 17:35:57,495 : INFO : test_e2e : Samsung Note 8
2021-10-09 17:35:57,516 : INFO : test_e2e : Nokia Edge
2021-10-09 17:35:57,536 : INFO : test_e2e : Blackberry
2021-10-09 17:35:57,957 : INFO : test_e2e : Entering country name
2021-10-09 17:36:03,331 : INFO : test_e2e : A success text received
2021-10-09 17:36:34,933 : INFO : test_formSubmission : Entering Data in the form
2021-10-09 17:36:35,271 : INFO : test_formSubmission : Clicking the submit button
2021-10-09 17:36:35,598 : INFO : test_formSubmission : Entering Data in the form
2021-10-09 17:36:35,598 : INFO : test_formSubmission : Entering Data in the form
2021-10-09 17:36:35,957 : INFO : test_formSubmission : Clicking the submit button
2021-10-09 17:36:35,957 : INFO : test_formSubmission : Clicking the submit button
2021-10-09 17:36:41,096 : INFO : test_e2e : Getting all the card titles
2021-10-09 17:36:41,141 : INFO : test_e2e : iphone X
2021-10-09 17:36:41,162 : INFO : test_e2e : Samsung Note 8
2021-10-09 17:36:41,181 : INFO : test_e2e : Nokia Edge
2021-10-09 17:36:41,201 : INFO : test_e2e : Blackberry
2021-10-09 17:36:41,622 : INFO : test_e2e : Entering country name
2021-10-09 17:36:47,015 : INFO : test_e2e : A success text received
2021-10-09 17:46:27,129 : INFO : test_formSubmission : Entering Data in the form
2021-10-09 17:46:27,474 : INFO : test_formSubmission : Clicking the submit button
2021-10-09 17:46:27,814 : INFO : test_formSubmission : Entering Data in the form
2021-10-09 17:46:27,814 : INFO : test_formSubmission : Entering Data in the form
2021-10-09 17:46:28,125 : INFO : test_formSubmission : Clicking the submit button
2021-10-09 17:46:28,125 : INFO : test_formSubmission : Clicking the submit button
2021-10-09 17:46:33,068 : INFO : test_e2e : Getting all the card titles
2021-10-09 17:46:33,114 : INFO : test_e2e : iphone X
2021-10-09 17:46:33,134 : INFO : test_e2e : Samsung Note 8
2021-10-09 17:46:33,154 : INFO : test_e2e : Nokia Edge
2021-10-09 17:46:33,173 : INFO : test_e2e : Blackberry
2021-10-09 17:46:33,633 : INFO : test_e2e : Entering country name
2021-10-09 17:46:39,335 : INFO : test_e2e : A success text received
2021-10-09 18:11:03,128 : INFO : test_formSubmission : Entering Data in the form
2021-10-09 18:11:03,564 : INFO : test_formSubmission : Clicking the submit button
2021-10-09 18:11:03,723 : INFO : test_formSubmission : Entering Data in the form
2021-10-09 18:11:03,723 : INFO : test_formSubmission : Entering Data in the form
2021-10-09 18:11:04,627 : INFO : test_formSubmission : Clicking the submit button
2021-10-09 18:11:04,627 : INFO : test_formSubmission : Clicking the submit button
2021-10-09 18:11:11,067 : INFO : test_e2e : Getting all the card titles
2021-10-09 18:11:11,275 : INFO : test_e2e : iphone X
2021-10-09 18:11:11,314 : INFO : test_e2e : Samsung Note 8
2021-10-09 18:11:11,342 : INFO : test_e2e : Nokia Edge
2021-10-09 18:11:11,367 : INFO : test_e2e : Blackberry
2021-10-09 18:11:11,895 : INFO : test_e2e : Entering country name
2021-10-09 18:11:17,472 : INFO : test_e2e : A success text received
2021-10-10 08:30:51,653 : INFO : test_formSubmission : Entering Data in the form
2021-10-10 08:30:52,033 : INFO : test_formSubmission : Clicking the submit button
2021-10-10 08:30:52,346 : INFO : test_formSubmission : Entering Data in the form
2021-10-10 08:30:52,346 : INFO : test_formSubmission : Entering Data in the form
2021-10-10 08:30:52,818 : INFO : test_formSubmission : Clicking the submit button
2021-10-10 08:30:52,818 : INFO : test_formSubmission : Clicking the submit button
2021-10-10 09:54:29,946 : INFO : test_formSubmission : Entering Data in the form
2021-10-10 09:54:30,364 : INFO : test_formSubmission : Clicking the submit button
2021-10-10 09:54:30,493 : INFO : test_formSubmission : Entering Data in the form
2021-10-10 09:54:30,493 : INFO : test_formSubmission : Entering Data in the form
2021-10-10 09:54:31,261 : INFO : test_formSubmission : Clicking the submit button
2021-10-10 09:54:31,261 : INFO : test_formSubmission : Clicking the submit button
2021-10-10 09:55:46,004 : INFO : test_formSubmission : Entering Data in the form
2021-10-10 09:55:46,363 : INFO : test_formSubmission : Clicking the submit button
2021-10-10 09:55:46,676 : INFO : test_formSubmission : Entering Data in the form
2021-10-10 09:55:46,676 : INFO : test_formSubmission : Entering Data in the form
2021-10-10 09:55:47,009 : INFO : test_formSubmission : Clicking the submit button
2021-10-10 09:55:47,009 : INFO : test_formSubmission : Clicking the submit button
2021-10-10 09:55:55,615 : INFO : test_formSubmission : Entering Data in the form
2021-10-10 09:55:55,953 : INFO : test_formSubmission : Clicking the submit button
2021-10-10 09:55:56,256 : INFO : test_formSubmission : Entering Data in the form
2021-10-10 09:55:56,256 : INFO : test_formSubmission : Entering Data in the form
2021-10-10 09:55:56,564 : INFO : test_formSubmission : Clicking the submit button
2021-10-10 09:55:56,564 : INFO : test_formSubmission : Clicking the submit button
2021-10-10 09:56:09,021 : INFO : test_formSubmission : Entering Data in the form
2021-10-10 09:56:09,360 : INFO : test_formSubmission : Clicking the submit button
2021-10-10 09:56:09,661 : INFO : test_formSubmission : Entering Data in the form
2021-10-10 09:56:09,661 : INFO : test_formSubmission : Entering Data in the form
2021-10-10 09:56:09,979 : INFO : test_formSubmission : Clicking the submit button
2021-10-10 09:56:09,979 : INFO : test_formSubmission : Clicking the submit button
2021-10-10 09:56:47,677 : INFO : test_formSubmission : Entering Data in the form
2021-10-10 09:56:48,116 : INFO : test_formSubmission : Clicking the submit button
2021-10-10 09:56:48,212 : INFO : test_formSubmission : Entering Data in the form
2021-10-10 09:56:48,212 : INFO : test_formSubmission : Entering Data in the form
2021-10-10 09:56:48,781 : INFO : test_formSubmission : Clicking the submit button
2021-10-10 09:56:48,781 : INFO : test_formSubmission : Clicking the submit button
2021-10-10 10:00:49,254 : INFO : test_formSubmission : Entering Data in the form
2021-10-10 10:00:49,621 : INFO : test_formSubmission : Clicking the submit button
2021-10-10 10:00:50,005 : INFO : test_formSubmission : Entering Data in the form
2021-10-10 10:00:50,005 : INFO : test_formSubmission : Entering Data in the form
2021-10-10 10:00:50,352 : INFO : test_formSubmission : Clicking the submit button
2021-10-10 10:00:50,352 : INFO : test_formSubmission : Clicking the submit button
2021-10-10 10:01:13,014 : INFO : test_formSubmission : Entering Data in the form
2021-10-10 10:01:50,592 : INFO : test_formSubmission : Entering Data in the form
2021-10-10 10:02:21,486 : INFO : test_formSubmission : Entering Data in the form
2021-10-10 10:02:21,821 : INFO : test_formSubmission : Clicking the submit button
2021-10-10 10:02:22,129 : INFO : test_formSubmission : Entering Data in the form
2021-10-10 10:02:22,129 : INFO : test_formSubmission : Entering Data in the form
2021-10-10 10:02:22,459 : INFO : test_formSubmission : Clicking the submit button
2021-10-10 10:02:22,459 : INFO : test_formSubmission : Clicking the submit button
2021-10-10 10:02:47,398 : INFO : test_formSubmission : Entering Data in the form
2021-10-10 10:02:47,752 : INFO : test_formSubmission : Clicking the submit button
2021-10-10 10:02:48,174 : INFO : test_formSubmission : Entering Data in the form
2021-10-10 10:02:48,174 : INFO : test_formSubmission : Entering Data in the form
2021-10-10 10:02:48,497 : INFO : test_formSubmission : Clicking the submit button
2021-10-10 10:02:48,497 : INFO : test_formSubmission : Clicking the submit button
2021-10-10 10:10:37,561 : INFO : test_formSubmission : Entering Data in the form
2021-10-10 10:10:50,491 : INFO : test_formSubmission : Entering Data in the form
2021-10-10 10:11:09,428 : INFO : test_formSubmission : Entering Data in the form
2021-10-10 10:11:47,131 : INFO : test_formSubmission : Entering Data in the form
2021-10-10 10:14:22,228 : INFO : test_formSubmission : Entering Data in the form
2021-10-10 10:17:04,549 : INFO : test_formSubmission : Entering Data in the form
2021-10-10 10:17:35,037 : INFO : test_formSubmission : Entering Data in the form
2021-10-10 10:26:09,922 : INFO : test_formSubmission : Entering Data in the form
2021-10-10 10:26:09,987 : INFO : test_formSubmission : Entering Data in the form
2021-10-10 10:26:10,412 : INFO : test_formSubmission : Clicking the submit button
2021-10-10 10:26:10,520 : INFO : test_formSubmission : Clicking the submit button
2021-10-10 10:26:23,179 : INFO : test_formSubmission : Entering Data in the form
2021-10-10 10:26:23,513 : INFO : test_formSubmission : Clicking the submit button
2021-10-10 10:27:24,511 : INFO : test_formSubmission : Entering Data in the form
2021-10-10 10:27:24,868 : INFO : test_formSubmission : Clicking the submit button
2021-10-10 10:28:48,945 : INFO : test_formSubmission : Entering Data in the form
2021-10-10 10:28:49,591 : INFO : test_formSubmission : Clicking the submit button
2021-10-10 10:28:51,136 : INFO : test_formSubmission : Entering Data in the form
2021-10-10 10:28:51,515 : INFO : test_formSubmission : Clicking the submit button
2021-10-10 10:30:21,669 : INFO : test_formSubmission : Entering Data in the form
2021-10-10 10:30:22,011 : INFO : test_formSubmission : Clicking the submit button
2021-10-10 10:30:28,224 : INFO : test_formSubmission : Entering Data in the form
2021-10-10 10:30:28,572 : INFO : test_formSubmission : Clicking the submit button
2021-10-10 10:30:36,711 : INFO : test_formSubmission : Entering Data in the form
2021-10-10 10:30:37,061 : INFO : test_formSubmission : Clicking the submit button
2021-10-10 10:31:20,287 : INFO : test_formSubmission : Entering Data in the form
2021-10-10 10:31:20,539 : INFO : test_formSubmission : Entering Data in the form
2021-10-10 10:31:20,847 : INFO : test_formSubmission : Clicking the submit button
2021-10-10 10:31:21,089 : INFO : test_formSubmission : Clicking the submit button
2021-10-10 10:32:17,767 : INFO : test_formSubmission : Entering Data in the form
2021-10-10 10:32:18,093 : INFO : test_formSubmission : Clicking the submit button
2021-10-10 13:07:16,819 : INFO : test_formSubmission : Entering Data in the form
2021-10-10 13:07:17,211 : INFO : test_formSubmission : Clicking the submit button
2021-10-10 13:07:43,434 : INFO : test_formSubmission : Entering Data in the form
2021-10-10 13:07:43,766 : INFO : test_formSubmission : Clicking the submit button
2021-10-10 13:07:48,897 : INFO : test_formSubmission : Entering Data in the form
2021-10-10 13:07:49,252 : INFO : test_formSubmission : Clicking the submit button
2021-10-10 13:09:49,937 : INFO : test_formSubmission : Entering Data in the form
2021-10-10 13:09:50,287 : INFO : test_formSubmission : Clicking the submit button
2021-10-10 13:10:14,499 : INFO : test_formSubmission : Entering Data in the form
2021-10-10 13:10:14,867 : INFO : test_formSubmission : Clicking the submit button
2021-10-10 13:42:47,227 : INFO : test_formSubmission : Entering Data in the form
2021-10-10 13:42:47,622 : INFO : test_formSubmission : Clicking the submit button
2021-10-10 14:12:20,023 : INFO : test_formSubmission : Entering Data in the form
2021-10-10 14:12:20,394 : INFO : test_formSubmission : Clicking the submit button
2021-10-10 14:12:20,870 : INFO : test_formSubmission : Entering Data in the form
2021-10-10 14:12:20,870 : INFO : test_formSubmission : Entering Data in the form
2021-10-10 14:12:21,266 : INFO : test_formSubmission : Clicking the submit button
2021-10-10 14:12:21,266 : INFO : test_formSubmission : Clicking the submit button
2021-10-10 14:13:02,402 : INFO : test_formSubmission : Entering Data in the form
2021-10-10 14:13:02,742 : INFO : test_formSubmission : Clicking the submit button
2021-10-10 14:13:03,160 : INFO : test_formSubmission : Entering Data in the form
2021-10-10 14:13:03,160 : INFO : test_formSubmission : Entering Data in the form
2021-10-10 14:13:03,452 : INFO : test_formSubmission : Clicking the submit button
2021-10-10 14:13:03,452 : INFO : test_formSubmission : Clicking the submit button
2021-10-10 14:13:39,816 : INFO : test_formSubmission : Entering Data in the form
2021-10-10 14:13:40,181 : INFO : test_formSubmission : Clicking the submit button
2021-10-10 14:13:40,625 : INFO : test_formSubmission : Entering Data in the form
2021-10-10 14:13:40,625 : INFO : test_formSubmission : Entering Data in the form
2021-10-10 14:13:40,919 : INFO : test_formSubmission : Clicking the submit button
2021-10-10 14:13:40,919 : INFO : test_formSubmission : Clicking the submit button
2021-10-10 14:14:06,197 : INFO : test_formSubmission : Entering Data in the form
2021-10-10 14:14:06,530 : INFO : test_formSubmission : Clicking the submit button
2021-10-10 14:14:06,936 : INFO : test_formSubmission : Entering Data in the form
2021-10-10 14:14:06,936 : INFO : test_formSubmission : Entering Data in the form
2021-10-10 14:14:07,244 : INFO : test_formSubmission : Clicking the submit button
2021-10-10 14:14:07,244 : INFO : test_formSubmission : Clicking the submit button
2021-10-10 14:14:41,840 : INFO : test_formSubmission : Entering Data in the form
2021-10-10 14:14:42,169 : INFO : test_formSubmission : Clicking the submit button
2021-10-10 14:14:42,474 : INFO : test_formSubmission : Entering Data in the form
2021-10-10 14:14:42,474 : INFO : test_formSubmission : Entering Data in the form
2021-10-10 14:14:42,798 : INFO : test_formSubmission : Clicking the submit button
2021-10-10 14:14:42,798 : INFO : test_formSubmission : Clicking the submit button
2021-10-10 14:35:16,150 : INFO : test_formSubmission : Entering Data in the form
2021-10-10 14:35:16,571 : INFO : test_formSubmission : Clicking the submit button
2021-10-10 14:35:17,030 : INFO : test_formSubmission : Entering Data in the form
2021-10-10 14:35:17,030 : INFO : test_formSubmission : Entering Data in the form
2021-10-10 14:35:17,377 : INFO : test_formSubmission : Clicking the submit button
2021-10-10 14:35:17,377 : INFO : test_formSubmission : Clicking the submit button
2021-10-10 14:35:23,813 : INFO : test_e2e : Getting all the card titles
2021-10-10 14:35:23,856 : INFO : test_e2e : iphone X
2021-10-10 14:35:23,877 : INFO : test_e2e : Samsung Note 8
2021-10-10 14:35:23,897 : INFO : test_e2e : Nokia Edge
2021-10-10 14:35:23,918 : INFO : test_e2e : Blackberry
2021-10-10 14:35:24,348 : INFO : test_e2e : Entering country name
2021-10-10 14:35:29,755 : INFO : test_e2e : A success text received
2021-10-10 14:40:39,198 : INFO : test_formSubmission : Entering Data in the form
2021-10-10 14:40:39,539 : INFO : test_formSubmission : Clicking the submit button
2021-10-10 14:40:39,960 : INFO : test_formSubmission : Entering Data in the form
2021-10-10 14:40:39,960 : INFO : test_formSubmission : Entering Data in the form
2021-10-10 14:40:40,258 : INFO : test_formSubmission : Clicking the submit button
2021-10-10 14:40:40,258 : INFO : test_formSubmission : Clicking the submit button
2021-10-10 14:47:18,324 : INFO : test_formSubmission : Entering Data in the form
2021-10-10 14:47:18,650 : INFO : test_formSubmission : Clicking the submit button
2021-10-10 14:47:19,042 : INFO : test_formSubmission : Entering Data in the form
2021-10-10 14:47:19,042 : INFO : test_formSubmission : Entering Data in the form
2021-10-10 14:47:19,394 : INFO : test_formSubmission : Clicking the submit button
2021-10-10 14:47:19,394 : INFO : test_formSubmission : Clicking the submit button
2021-10-10 14:47:26,877 : INFO : test_e2e : Getting all the card titles
2021-10-10 14:47:26,926 : INFO : test_e2e : iphone X
2021-10-10 14:47:26,953 : INFO : test_e2e : Samsung Note 8
2021-10-10 14:47:26,982 : INFO : test_e2e : Nokia Edge
2021-10-10 14:47:27,004 : INFO : test_e2e : Blackberry
2021-10-10 14:47:27,425 : INFO : test_e2e : Entering country name
2021-10-10 14:47:32,825 : INFO : test_e2e : A success text received
